<?xml version="1.0" encoding="UTF-8"?>
<!-- Generated by org.testng.reporters.JUnitReportReporter -->
<testsuite hostname="DESKTOP-DVE9TDT" failures="0" tests="2" name="SeleniumDataDrivenFramework.SeleniumDataDrivenFramework.LoginTest" time="0.019" errors="0" timestamp="2023-02-21T23:11:23 IST" skipped="1">
  <testcase classname="SeleniumDataDrivenFramework.SeleniumDataDrivenFramework.LoginTest" name="loginByEmail" time="0.019"/>
  <system-out/>
  <testcase classname="SeleniumDataDrivenFramework.SeleniumDataDrivenFramework.LoginTest" name="loginByFacebook">
    <skipped/>
  </testcase> <!-- loginByFacebook -->
  <system-out/>
</testsuite> <!-- SeleniumDataDrivenFramework.SeleniumDataDrivenFramework.LoginTest -->
