<?xml version="1.0" encoding="UTF-8"?>
<!-- Generated by org.testng.reporters.JUnitReportReporter -->
<testsuite hostname="DESKTOP-DVE9TDT" failures="0" tests="1" name="SeleniumDataDrivenFramework.SeleniumDataDrivenFramework.GenerateLog" time="71.627" errors="0" timestamp="2023-02-22T12:39:30 IST" skipped="0">
  <testcase classname="SeleniumDataDrivenFramework.SeleniumDataDrivenFramework.GenerateLog" name="generate_Log" time="71.627"/>
  <system-out/>
</testsuite> <!-- SeleniumDataDrivenFramework.SeleniumDataDrivenFramework.GenerateLog -->
