<?xml version="1.0" encoding="UTF-8"?>
<!-- Generated by org.testng.reporters.JUnitReportReporter -->
<testsuite hostname="DESKTOP-DVE9TDT" failures="0" tests="1" name="SeleniumDataDrivenFramework.SeleniumDataDrivenFramework.FacebookLogin2Excel" time="18.350" errors="0" timestamp="2023-02-22T13:30:52 IST" skipped="0">
  <testcase classname="SeleniumDataDrivenFramework.SeleniumDataDrivenFramework.FacebookLogin2Excel" name="facebookToLogin" time="18.350"/>
  <system-out/>
</testsuite> <!-- SeleniumDataDrivenFramework.SeleniumDataDrivenFramework.FacebookLogin2Excel -->
